<?xml version="1.0" encoding="UTF-8"?>
<testng-results skipped="0" failed="0" ignored="0" total="1" passed="1">
  <reporter-output>
  </reporter-output>
  <suite name="Default suite" duration-ms="5028" started-at="2020-07-18T13:40:02Z" finished-at="2020-07-18T13:40:07Z">
    <groups>
    </groups>
    <test name="Default test" duration-ms="5028" started-at="2020-07-18T13:40:02Z" finished-at="2020-07-18T13:40:07Z">
      <class name="com.RestAPI.RestAssuredBDD.PathParametersInPost">
        <test-method status="PASS" signature="m1()[pri:0, instance:com.RestAPI.RestAssuredBDD.PathParametersInPost@91161c7]" name="m1" duration-ms="4965" started-at="2020-07-18T13:40:02Z" finished-at="2020-07-18T13:40:07Z">
          <reporter-output>
          </reporter-output>
        </test-method> <!-- m1 -->
      </class> <!-- com.RestAPI.RestAssuredBDD.PathParametersInPost -->
    </test> <!-- Default test -->
  </suite> <!-- Default suite -->
</testng-results>
